build/app/outputs/mapping/release/seeds.txt
com.example.sumi.MainActivity
com.example.sumi.MainActivity: MainActivity()
...
com.sunmi.printerx.SunmiPrinterService$Stub$Proxy: void printerInit(com.sunmi.printerx.ICallback)
com.sunmi.printerx.SunmiPrinterService$Stub$Proxy: void print2DCode(java.lang.String,int,int,int,com.sunmi.printerx.ICallback)
com.sunmi.printerx.enums.Status: com.sunmi.printerx.enums.Status valueOf(java.lang.String)
com.sunmi.peripheral.printer.ILcdCallback$Stub: android.os.IBinder asBinder()
com.sunmi.common.ResultListener$Default: android.os.IBinder asBinder()
com.sunmi.render.format.LabelFormat$1: java.lang.Object[] newArray(int)
com.sunmi.peripheral.printer.SunmiPrinterService$Stub$Proxy: void printTextWithFont(java.lang.String,java.lang.String,float,com.sunmi.peripheral.printer.InnerResultCallback)
io.flutter.view.AccessibilityViewEmbedder: void setFlutterNodeParent(android.view.accessibility.AccessibilityNodeInfo,android.view.View,android.view.accessibility.AccessibilityNodeInfo)
androidx.core.view.MenuItemCompat$Api26Impl: android.graphics.PorterDuff$Mode getIconTintMode(android.view.MenuItem)
com.sunmi.printerx.SunmiPrinterService$Stub$Proxy: void labelLocate()
com.sunmi.peripheral.printer.SunmiPrinterService: void setAlignment(int,com.sunmi.peripheral.printer.InnerResultCallback)
androidx.core.app.NotificationCompatBuilder$Api20Impl: android.app.Notification$Action$Builder addExtras(android.app.Notification$Action$Builder,android.os.Bundle)
com.sunmi.printerx.SunmiPrinterService$Stub$Proxy: void exitPrinterBufferWithCallback(boolean,com.sunmi.printerx.ICallback)
androidx.camera.camera2.internal.compat.quirk.AfRegionFlipHorizontallyQuirk: AfRegionFlipHorizontallyQuirk()
com.sunmi.extprinterservice.ExtPrinterService$Default: int printerInit()
com.sunmi.extprinterservice.ExtPrinterService: int flush()
com.sunmi.printerx.SunmiPrinterService$Stub$Proxy: java.lang.String getPrinterModal()
androidx.appcompat.widget.Toolbar: void setOnMenuItemClickListener(androidx.appcompat.widget.Toolbar$OnMenuItemClickListener)
androidx.appcompat.widget.Toolbar: android.widget.TextView getTitleTextView()
com.sunmi.printerx.style.TextStyle: com.sunmi.printerx.style.TextStyle enableStrikethrough(boolean)
com.sunmi.printer.PrinterProvider$Default: void registerListen(com.sunmi.printer.IQueryPrinter)
com.sunmi.common.CommandAidl$Stub$Proxy: CommandAidl$Stub$Proxy(android.os.IBinder)
io.flutter.view.TextureRegistry$SurfaceProducer: void release()
com.sunmi.printerx.SunmiPrinterService: void lineWrap(int,com.sunmi.printerx.ICallback)
kotlin.random.Random: Random()
com.sunmi.printerx.api.inner.InnerImpl: InnerImpl(com.sunmi.printerx.SunmiPrinterService)
com.sunmi.extprinterservice.ExtPrinterService$Stub$Proxy: int setHorizontalTab(int[])
com.google.android.gms.internal.mlkit_vision_barcode_bundled.zzbn: com.google.android.gms.internal.mlkit_vision_barcode_bundled.zzbo asInterface(android.os.IBinder)
com.sunmi.printerx.ICallback: void onRaiseException(int,java.lang.String)
com.sunmi.printerx.SunmiPrinterService: void getPrintedLength(com.sunmi.printerx.ICallback)
com.sunmi.printerx.SunmiPrinterService$Stub$Proxy: void clearBuffer()
com.sunmi.printerx.SunmiPrinterService$Stub$Proxy: int getCutPaperTimes()
com.sunmi.common.FileAidl$Stub$Proxy: java.lang.String getInterfaceDescriptor()
androidx.core.widget.TextViewCompat$Api23Impl: int getBreakStrategy(android.widget.TextView)
com.sunmi.common.ResultListener$Stub$Proxy: android.os.IBinder asBinder()
androidx.camera.core.impl.Config$OptionPriority: androidx.camera.core.impl.Config$OptionPriority[] values()
androidx.appcompat.widget.SearchView: int getSuggestionRowLayout()
com.sunmi.peripheral.printer.SunmiPrinterService$Stub$Proxy: void sendLCDCommand(int)
androidx.recyclerview.widget.RecyclerView: void setAccessibilityDelegateCompat(androidx.recyclerview.widget.RecyclerViewAccessibilityDelegate)
androidx.core.view.accessibility.AccessibilityNodeInfoCompat$Api34Impl: boolean hasRequestInitialAccessibilityFocus(android.view.accessibility.AccessibilityNodeInfo)