build/app/outputs/mapping/release/usage.txt
com.example.sumi.R$drawable
com.example.sumi.R$mipmap
com.example.sumi.R$style
com.example.sumi.R
com.example.sumi.MainActivity:
    private static void $r8$constructor$io$flutter$embedding$android$FlutterActivity()
    public final synthetic bridge boolean attachToEngineAutomatically()
    public static boolean attachToEngineAutomatically$io$flutter$embedding$android$FlutterActivity()
    public static void cancelBackGesture()
    public static void cancelBackGesture$io$flutter$embedding$android$FlutterActivity()
    public final synthetic bridge void cleanUpFlutterEngine()
    public static void cleanUpFlutterEngine$io$flutter$embedding$android$FlutterActivity()
    public static void commitBackGesture()
    public static void commitBackGesture$io$flutter$embedding$android$FlutterActivity()
    public final void configureFlutterEngine()
    public static void configureFlutterEngine$io$flutter$embedding$android$FlutterActivity()
    public static void configureStatusBarForFullscreenFlutterExperience()
    public static void configureStatusBarForFullscreenFlutterExperience$io$flutter$embedding$android$FlutterActivity()
    public static void configureWindowForTransparency()
    public static void configureWindowForTransparency$io$flutter$embedding$android$FlutterActivity()
    public static android.view.View createFlutterView()
    public static android.view.View createFlutterView$io$flutter$embedding$android$FlutterActivity()
    public static android.window.OnBackInvokedCallback createOnBackInvokedCallback()
...
com.google.android.gms.internal.mlkit_vision_common.zzad:
    public final int zza()
    public final com.google.android.gms.internal.mlkit_vision_common.zzah zzb()
com.google.android.gms.internal.mlkit_vision_common.zzae
com.google.android.gms.internal.mlkit_vision_common.zzaf
com.google.android.gms.internal.mlkit_vision_common.zzai:
    public abstract int zza()
    public abstract com.google.android.gms.internal.mlkit_vision_common.zzah zzb()
com.google.android.gms.internal.mlkit_vision_common.zzak:
    public final com.google.firebase.encoders.ObjectEncoderContext zza()
    public final com.google.firebase.encoders.ObjectEncoderContext zzb()
    public static com.google.android.gms.internal.mlkit_vision_common.zzak zzf()
    public final long zzi()
    public static com.google.android.gms.internal.mlkit_vision_common.zzai zzj(com.google.firebase.encoders.FieldDescriptor)
    public static com.google.android.gms.internal.mlkit_vision_common.zzak zzl()
    public static java.nio.ByteBuffer zzm(int)
com.google.android.gms.internal.mlkit_vision_common.zzam:
    public static final synthetic int zza
    public static final com.google.android.gms.internal.mlkit_vision_common.zzal zzb
    public static void <clinit>()
    public static com.google.android.gms.internal.mlkit_vision_common.zzan zza()
com.google.android.gms.internal.mlkit_vision_common.zzan:
    public void <init>(java.util.HashMap,java.util.HashMap,com.google.android.gms.internal.mlkit_vision_common.zzal)
    public static byte[] zza()
    public static com.google.android.gms.internal.mlkit_vision_common.zzan zzc()
    public static com.google.android.gms.internal.mlkit_vision_common.zzan zzd()
    public static com.google.android.gms.internal.mlkit_vision_common.zzan zze()
    public final com.google.android.gms.internal.mlkit_vision_common.zziy zzf()
com.google.android.gms.internal.mlkit_vision_common.zzao
com.google.android.gms.internal.mlkit_vision_common.zzb
com.google.android.gms.internal.mlkit_vision_common.zzbt:
    public static final com.google.firebase.encoders.FieldDescriptor zzb
    public static final com.google.firebase.encoders.FieldDescriptor zzc
    public static final com.google.firebase.encoders.FieldDescriptor zzd
    public static final com.google.firebase.encoders.FieldDescriptor zze
    public static final com.google.firebase.encoders.FieldDescriptor zzf
    public static final com.google.firebase.encoders.FieldDescriptor zzg
    public static final com.google.firebase.encoders.FieldDescriptor zzh
com.google.android.gms.internal.mlkit_vision_common.zzbu:
    public static final com.google.firebase.encoders.FieldDescriptor zzb
    public static final com.google.firebase.encoders.FieldDescriptor zzc
    public static final com.google.firebase.encoders.FieldDescriptor zzd
com.google.android.gms.internal.mlkit_vision_common.zzbv:
    public static final com.google.firebase.encoders.FieldDescriptor zzb
    public static final com.google.firebase.encoders.FieldDescriptor zzc
    public static final com.google.firebase.encoders.FieldDescriptor zzd
    public static final com.google.firebase.encoders.FieldDescriptor zze
com.google.android.gms.internal.mlkit_vision_common.zzbw:
    public static final com.google.firebase.encoders.FieldDescriptor zzb
    public static final com.google.firebase.encoders.FieldDescriptor zzc
    public static final com.google.firebase.encoders.FieldDescriptor zzd
com.google.android.gms.internal.mlkit_vision_common.zzbx:
    public static final com.google.firebase.encoders.FieldDescriptor zzb
    public static final com.google.firebase.encoders.FieldDescriptor zzc
    public static final com.google.firebase.encoders.FieldDescriptor zzd
    public static final com.google.firebase.encoders.FieldDescriptor zze
    public static final com.google.firebase.encoders.FieldDescriptor zzf